The system is: Windows - 10.0.19041 - AMD64
Compiling the C compiler identification source file "CMakeCCompilerId.c" succeeded.
Compiler: C:/Program Files (x86)/Microsoft Visual Studio/2019/Community/VC/Tools/MSVC/14.21.27702/bin/Hostx86/x86/cl.exe 
Build flags: 
Id flags:  

The output was:
0
Microsoft (R) C/C++ Optimizing Compiler Version 19.21.27702.2 for x86
Copyright (C) Microsoft Corporation.  All rights reserved.

CMakeCCompilerId.c
Microsoft (R) Incremental Linker Version 14.21.27702.2
Copyright (C) Microsoft Corporation.  All rights reserved.

/out:CMakeCCompilerId.exe 
CMakeCCompilerId.obj 


Compilation of the C compiler identification source "CMakeCCompilerId.c" produced "CMakeCCompilerId.exe"

Compilation of the C compiler identification source "CMakeCCompilerId.c" produced "CMakeCCompilerId.obj"

The C compiler identification is MSVC, found in "D:/EVERYTHING/2020_s2/COMP20003/A3/cmake-build-debug/CMakeFiles/3.17.3/CompilerIdC/CMakeCCompilerId.exe"

Determining if the C compiler works passed with the following output:
Change Dir: D:/EVERYTHING/2020_s2/COMP20003/A3/cmake-build-debug/CMakeFiles/CMakeTmp

Run Build Command(s):nmake /nologo cmTC_f14e5\fast && 	"C:\Program Files (x86)\Microsoft Visual Studio\2019\Community\VC\Tools\MSVC\14.21.27702\bin\HostX86\x86\nmake.exe"  -f CMakeFiles\cmTC_f14e5.dir\build.make /nologo -L                  CMakeFiles\cmTC_f14e5.dir\build
Building C object CMakeFiles/cmTC_f14e5.dir/testCCompiler.c.obj
	C:\PROGRA~2\MICROS~1\2019\COMMUN~1\VC\Tools\MSVC\1421~1.277\bin\Hostx86\x86\cl.exe @C:\Users\30600\AppData\Local\Temp\nm941C.tmp
testCCompiler.c
Linking C executable cmTC_f14e5.exe
	C:\Users\30600\AppData\Local\JetBrains\Toolbox\apps\CLion\ch-0\202.7660.37\bin\cmake\win\bin\cmake.exe -E vs_link_exe --intdir=CMakeFiles\cmTC_f14e5.dir --rc="D:\Windows Kits\10\bin\10.0.17763.0\x86\rc.exe" --mt="D:\Windows Kits\10\bin\10.0.17763.0\x86\mt.exe" --manifests  -- C:\PROGRA~2\MICROS~1\2019\COMMUN~1\VC\Tools\MSVC\1421~1.277\bin\Hostx86\x86\link.exe /nologo @CMakeFiles\cmTC_f14e5.dir\objects1.rsp @C:\Users\30600\AppData\Local\Temp\nm945B.tmp



Detecting C compiler ABI info compiled with the following output:
Change Dir: D:/EVERYTHING/2020_s2/COMP20003/A3/cmake-build-debug/CMakeFiles/CMakeTmp

Run Build Command(s):nmake /nologo cmTC_942f1\fast && 	"C:\Program Files (x86)\Microsoft Visual Studio\2019\Community\VC\Tools\MSVC\14.21.27702\bin\HostX86\x86\nmake.exe"  -f CMakeFiles\cmTC_942f1.dir\build.make /nologo -L                  CMakeFiles\cmTC_942f1.dir\build
Building C object CMakeFiles/cmTC_942f1.dir/CMakeCCompilerABI.c.obj
	C:\PROGRA~2\MICROS~1\2019\COMMUN~1\VC\Tools\MSVC\1421~1.277\bin\Hostx86\x86\cl.exe @C:\Users\30600\AppData\Local\Temp\nm98A0.tmp
CMakeCCompilerABI.c
Linking C executable cmTC_942f1.exe
	C:\Users\30600\AppData\Local\JetBrains\Toolbox\apps\CLion\ch-0\202.7660.37\bin\cmake\win\bin\cmake.exe -E vs_link_exe --intdir=CMakeFiles\cmTC_942f1.dir --rc="D:\Windows Kits\10\bin\10.0.17763.0\x86\rc.exe" --mt="D:\Windows Kits\10\bin\10.0.17763.0\x86\mt.exe" --manifests  -- C:\PROGRA~2\MICROS~1\2019\COMMUN~1\VC\Tools\MSVC\1421~1.277\bin\Hostx86\x86\link.exe /nologo @CMakeFiles\cmTC_942f1.dir\objects1.rsp @C:\Users\30600\AppData\Local\Temp\nm98EF.tmp



